2026-05-07 20:57:53 starting python= /Users/md.jahirraihan/Downloads/Human Computer Interaction/HCI Dummy/gg/venv/bin/python cwd= /Users/md.jahirraihan/Downloads/Human Computer Interaction/HCI Dummy tk= 8.5 compat_ui= True
2026-05-07 20:57:53 ui_ready canvas_items= 99
2026-05-07 20:58:35 starting python= /Users/md.jahirraihan/Downloads/Human Computer Interaction/HCI Dummy/gg/venv/bin/python cwd= /Users/md.jahirraihan/Downloads/Human Computer Interaction/HCI Dummy tk= 8.5 compat_ui= True
2026-05-07 20:58:36 ui_ready canvas_items= 99
2026-05-07 20:59:03 starting python= /Users/md.jahirraihan/Downloads/Human Computer Interaction/HCI Dummy/gg/venv/bin/python cwd= /Users/md.jahirraihan/Downloads/Human Computer Interaction/HCI Dummy tk= 8.5 compat_ui= True
2026-05-07 20:59:03 ui_ready canvas_items= 99
2026-05-07 21:02:13 starting python= /Library/Developer/CommandLineTools/usr/bin/python3 cwd= /Users/md.jahirraihan/Downloads/Human Computer Interaction/HCI Dummy tk= 8.5 compat_ui= True
2026-05-07 21:02:13 ui_ready canvas_items= 99
2026-05-07 21:18:27 starting python= /Users/md.jahirraihan/Downloads/Human Computer Interaction/HCI Dummy/gg/venv_gui/bin/python cwd= /Users/md.jahirraihan/Downloads/Human Computer Interaction/HCI Dummy/gg tk= 9.0 compat_ui= False
2026-05-07 21:18:29 ui_ready canvas_items= 97
2026-05-07 21:18:37 starting python= /Users/md.jahirraihan/Downloads/Human Computer Interaction/HCI Dummy/gg/venv_gui/bin/python cwd= /Users/md.jahirraihan/Downloads/Human Computer Interaction/HCI Dummy/gg tk= 9.0 compat_ui= False
2026-05-07 21:18:37 ui_ready canvas_items= 97
2026-05-07 21:18:59 starting python= /Library/Developer/CommandLineTools/usr/bin/python3 cwd= /Users/md.jahirraihan/Downloads/Human Computer Interaction/HCI Dummy tk= 8.5 compat_ui= True
2026-05-07 21:18:59 ui_ready canvas_items= 99
2026-05-07 21:19:22 starting python= /Library/Developer/CommandLineTools/usr/bin/python3 cwd= /Users/md.jahirraihan/Downloads/Human Computer Interaction/HCI Dummy tk= 8.5 compat_ui= True
2026-05-07 21:19:22 ui_ready canvas_items= 99
2026-05-08 10:02:55 starting python= /Users/md.jahirraihan/Downloads/Human Computer Interaction/HCI Dummy/gg/venv_gui/bin/python cwd= /Users/md.jahirraihan/Downloads/Human Computer Interaction/HCI Dummy/gg tk= 9.0 compat_ui= False
2026-05-08 10:02:55 ui_ready canvas_items= 97
2026-05-08 10:03:45 starting python= /Users/md.jahirraihan/Downloads/Human Computer Interaction/HCI Dummy/gg/venv_gui/bin/python cwd= /Users/md.jahirraihan/Downloads/Human Computer Interaction/HCI Dummy/gg tk= 9.0 compat_ui= False
2026-05-08 10:03:45 ui_ready canvas_items= 97
2026-05-08 10:26:06 starting python= /Users/md.jahirraihan/Downloads/Human Computer Interaction/HCI Dummy/gg/venv/bin/python cwd= /Users/md.jahirraihan/Downloads/Human Computer Interaction/HCI Dummy/gg tk= 8.5 compat_ui= True
2026-05-08 10:26:06 ui_ready canvas_items= 99
2026-05-08 10:30:06 starting python= /Users/md.jahirraihan/Downloads/Human Computer Interaction/HCI Dummy/gg/venv_gui/bin/python cwd= /Users/md.jahirraihan/Downloads/Human Computer Interaction/HCI Dummy/gg tk= 9.0 compat_ui= False
2026-05-08 10:30:07 ui_ready canvas_items= 97
2026-05-08 10:31:42 starting python= /Users/md.jahirraihan/Downloads/Human Computer Interaction/HCI Dummy/gg/venv_gui/bin/python cwd= /Users/md.jahirraihan/Downloads/Human Computer Interaction/HCI Dummy/gg tk= 9.0 compat_ui= False
2026-05-08 10:31:43 ui_ready canvas_items= 97
2026-05-08 10:32:52 starting python= /Users/md.jahirraihan/Downloads/Human Computer Interaction/HCI Dummy/gg/venv/bin/python cwd= /Users/md.jahirraihan/Downloads/Human Computer Interaction/HCI Dummy/gg tk= 8.5 compat_ui= True
2026-05-08 10:32:52 ui_ready canvas_items= 99
2026-05-08 10:34:23 starting python= /Users/md.jahirraihan/Downloads/Human Computer Interaction/HCI Dummy/gg/venv_gui/bin/python cwd= /Users/md.jahirraihan/Downloads/Human Computer Interaction/HCI Dummy/gg tk= 9.0 compat_ui= False
2026-05-08 10:34:24 ui_ready canvas_items= 97
2026-05-08 10:45:23 starting python= /Users/md.jahirraihan/Downloads/Human Computer Interaction/HCI Dummy/gg/venv_gui/bin/python cwd= /Users/md.jahirraihan/Downloads/Human Computer Interaction/HCI Dummy/gg tk= 9.0 compat_ui= False
2026-05-08 10:45:24 ui_ready canvas_items= 97
2026-05-08 10:50:42 starting python= /Users/md.jahirraihan/Downloads/Human Computer Interaction/HCI Dummy/gg/venv_gui/bin/python cwd= /Users/md.jahirraihan/Downloads/Human Computer Interaction/HCI Dummy/gg tk= 9.0 compat_ui= False
2026-05-08 10:50:43 ui_ready canvas_items= 97
2026-05-08 10:56:13 starting python= /Users/md.jahirraihan/Downloads/Human Computer Interaction/HCI Dummy/gg/venv_gui/bin/python cwd= /Users/md.jahirraihan/Downloads/Human Computer Interaction/HCI Dummy/gg tk= 9.0 compat_ui= False
2026-05-08 10:56:13 ui_ready canvas_items= 97
2026-05-08 11:01:55 starting python= /Users/md.jahirraihan/Desktop/Human Computer Interaction/HCI Dummy/gg/venv_gui/bin/python cwd= /Users/md.jahirraihan/Desktop/Human Computer Interaction/HCI Dummy/gg tk= 9.0 compat_ui= False
2026-05-08 11:01:56 ui_ready canvas_items= 97
2026-05-08 11:10:11 starting python= /Users/md.jahirraihan/Desktop/Human Computer Interaction/HCI Dummy/gg/venv_gui/bin/python cwd= /Users/md.jahirraihan/Desktop/Human Computer Interaction/HCI Dummy/gg tk= 9.0 compat_ui= False
2026-05-08 11:10:11 ui_ready canvas_items= 97
2026-05-08 11:10:26 starting python= /Users/md.jahirraihan/Desktop/Human Computer Interaction/HCI Dummy/gg/venv_gui/bin/python cwd= /Users/md.jahirraihan/Desktop/Human Computer Interaction/HCI Dummy/gg tk= 9.0 compat_ui= False
2026-05-08 11:10:26 ui_ready canvas_items= 97
2026-05-08 11:37:09 starting python= /Users/md.jahirraihan/Desktop/Human Computer Interaction/HCI Dummy/gg/.venv/bin/python cwd= /Users/md.jahirraihan/Desktop/Human Computer Interaction/HCI Dummy/gg tk= 8.6 compat_ui= False
2026-05-08 11:37:10 ui_ready canvas_items= 97
2026-05-08 11:38:13 starting python= /Users/md.jahirraihan/Desktop/Human Computer Interaction/HCI Dummy/gg/.venv/bin/python cwd= /Users/md.jahirraihan/Desktop/Human Computer Interaction/HCI Dummy/gg tk= 8.6 compat_ui= False
2026-05-08 11:38:14 ui_ready canvas_items= 97
2026-05-08 11:45:51 starting python= /Users/md.jahirraihan/Desktop/Human Computer Interaction/HCI Dummy/gg/.venv/bin/python cwd= /Users/md.jahirraihan/Desktop/Human Computer Interaction/HCI Dummy/gg tk= 8.6 compat_ui= False
2026-05-08 11:45:51 ui_ready canvas_items= 97
2026-05-08 11:48:27 starting python= /Users/md.jahirraihan/Desktop/Human Computer Interaction/HCI Dummy/gg/.venv/bin/python cwd= /Users/md.jahirraihan/Desktop/Human Computer Interaction/HCI Dummy/gg tk= 8.6 compat_ui= False
2026-05-08 11:48:27 ui_ready canvas_items= 97
2026-05-08 11:49:28 starting python= /Users/md.jahirraihan/Desktop/Human Computer Interaction/HCI Dummy/gg/.venv/bin/python cwd= /Users/md.jahirraihan/Desktop/Human Computer Interaction/HCI Dummy/gg tk= 8.6 compat_ui= False
2026-05-08 11:49:28 ui_ready canvas_items= 97
2026-05-08 11:53:32 starting python= /Users/md.jahirraihan/Desktop/Human Computer Interaction/HCI Dummy/gg/.venv/bin/python cwd= /Users/md.jahirraihan/Desktop/Human Computer Interaction/HCI Dummy/gg tk= 8.6 compat_ui= False
2026-05-08 11:53:32 ui_ready canvas_items= 97
2026-05-08 12:02:00 starting python= /Users/md.jahirraihan/Desktop/Human Computer Interaction/HCI Dummy/gg/.venv/bin/python cwd= /Users/md.jahirraihan/Desktop/Human Computer Interaction/HCI Dummy/gg tk= 8.6 compat_ui= False
2026-05-08 12:02:00 ui_ready canvas_items= 97
2026-05-08 12:08:40 starting python= /Users/md.jahirraihan/Desktop/Human Computer Interaction/HCI Dummy/gg/venv_gui/bin/python cwd= /Users/md.jahirraihan/Desktop/Human Computer Interaction/HCI Dummy/gg tk= 9.0 compat_ui= False
2026-05-08 12:08:40 ui_ready canvas_items= 97
2026-05-08 12:11:33 starting python= /Users/md.jahirraihan/Desktop/Human Computer Interaction/HCI Dummy/gg/venv_gui/bin/python cwd= /Users/md.jahirraihan/Desktop/Human Computer Interaction/HCI Dummy/gg tk= 9.0 compat_ui= False
2026-05-08 12:11:34 ui_ready canvas_items= 96
2026-05-08 12:11:35 starting python= /Users/md.jahirraihan/Desktop/Human Computer Interaction/HCI Dummy/gg/venv_gui/bin/python cwd= /Users/md.jahirraihan/Desktop/Human Computer Interaction/HCI Dummy/gg tk= 9.0 compat_ui= False
2026-05-08 12:11:35 ui_ready canvas_items= 97
2026-05-08 12:13:20 starting python= /Users/md.jahirraihan/Desktop/Human Computer Interaction/HCI Dummy/gg/venv_gui/bin/python cwd= /Users/md.jahirraihan/Desktop/Human Computer Interaction/HCI Dummy/gg tk= 9.0 compat_ui= False
2026-05-08 12:13:21 ui_ready canvas_items= 96
2026-05-08 12:15:08 starting python= /Users/md.jahirraihan/Desktop/Human Computer Interaction/HCI Dummy/gg/venv_gui/bin/python cwd= /Users/md.jahirraihan/Desktop/Human Computer Interaction/HCI Dummy/gg tk= 9.0 compat_ui= False
2026-05-08 12:15:09 ui_ready canvas_items= 97
2026-05-08 12:16:06 starting python= /Users/md.jahirraihan/Desktop/Human Computer Interaction/HCI Dummy/gg/venv_gui/bin/python cwd= /Users/md.jahirraihan/Desktop/Human Computer Interaction/HCI Dummy/gg tk= 9.0 compat_ui= False
2026-05-08 12:16:07 ui_ready canvas_items= 96
2026-05-08 12:17:23 starting python= /Users/md.jahirraihan/Desktop/Human Computer Interaction/HCI Dummy/gg/.venv/bin/python cwd= /Users/md.jahirraihan/Desktop/Human Computer Interaction/HCI Dummy/gg tk= 8.6 compat_ui= False
2026-05-08 12:17:23 ui_ready canvas_items= 96
2026-05-08 12:20:23 starting python= /Users/md.jahirraihan/Desktop/Human Computer Interaction/HCI Dummy/gg/.venv/bin/python cwd= /Users/md.jahirraihan/Desktop/Human Computer Interaction/HCI Dummy/gg tk= 8.6 compat_ui= False
2026-05-08 12:20:23 ui_ready canvas_items= 96
2026-05-08 22:34:45 starting python= /Users/md.jahirraihan/Desktop/Human Computer Interaction/HCI Dummy/gg/.venv/bin/python cwd= /Users/md.jahirraihan/Desktop/Human Computer Interaction/HCI Dummy/gg tk= 8.6 compat_ui= False
2026-05-08 22:34:46 ui_ready canvas_items= 96
